[18:56:10] [main/INFO]: Loading Minecraft 1.21 with Fabric Loader 0.16.0
[18:56:11] [ForkJoinPool-1-worker-8/WARN]: Mod travelersbackpack uses the version fabric-1.21-10.0.4 which isn't compatible with Loader's extended semantic version format (Could not parse version number component 'fabric'!), SemVer is recommended for reliably evaluating dependencies and prioritizing newer version
[18:56:11] [ForkJoinPool-1-worker-3/WARN]: Mod totw_modded uses the version fabric-1.21-1.0.5 which isn't compatible with Loader's extended semantic version format (Could not parse version number component 'fabric'!), SemVer is recommended for reliably evaluating dependencies and prioritizing newer version
[18:56:11] [main/WARN]: Warnings were found!
 - Mod 'Dynamic Lights' (dynamiclights) 1.8.3+mod recommends any version of modmenu-badges-lib, which is missing!
	 - You should install any version of modmenu-badges-lib for the optimal experience.
 - Mod 'Dynamic Lights' (dynamiclights) 1.8.3+mod recommends any version of midnightlib, which is missing!
	 - You should install any version of midnightlib for the optimal experience.
[18:56:11] [main/INFO]: Loading 73 mods:
	- athena 4.0.0
	- cardinal-components 6.1.1
	   |-- cardinal-components-base 6.1.1
	   |-- cardinal-components-block 6.1.1
	   |-- cardinal-components-chunk 6.1.1
	   |-- cardinal-components-entity 6.1.1
	   |-- cardinal-components-item 6.1.1
	   |-- cardinal-components-level 6.1.1
	   |-- cardinal-components-scoreboard 6.1.1
	   \-- cardinal-components-world 6.1.1
	- chipped 4.0.0
	- cloth-config 15.0.128
	   \-- cloth-basic-math 0.6.1
	- cristellib 1.2.7
	   \-- blue_endless_jankson 1.2.3
	- dynamiclights 1.8.3+mod
	- easymagic 21.0.2
	- evs 2.1.1
	- explorify 1.6.1
	- fabric-api 0.100.8+1.21
	   |-- fabric-api-base 0.4.42+6573ed8cd1
	   |-- fabric-api-lookup-api-v1 1.6.67+b5597344d1
	   |-- fabric-biome-api-v1 13.0.29+5bd9f1bcd1
	   |-- fabric-block-api-v1 1.0.22+0af3f5a7d1
	   |-- fabric-block-view-api-v2 1.0.10+6573ed8cd1
	   |-- fabric-blockrenderlayer-v1 1.1.52+0af3f5a7d1
	   |-- fabric-client-tags-api-v1 1.1.15+6573ed8cd1
	   |-- fabric-command-api-v1 1.2.49+f71b366fd1
	   |-- fabric-command-api-v2 2.2.28+6ced4dd9d1
	   |-- fabric-commands-v0 0.2.66+df3654b3d1
	   |-- fabric-content-registries-v0 8.0.15+b5597344d1
	   |-- fabric-convention-tags-v1 2.0.18+7f945d5bd1
	   |-- fabric-convention-tags-v2 2.4.2+c111832ad1
	   |-- fabric-crash-report-info-v1 0.2.29+0af3f5a7d1
	   |-- fabric-data-attachment-api-v1 1.1.25+6a6dfa19d1
	   |-- fabric-data-generation-api-v1 20.2.13+16c4ae25d1
	   |-- fabric-dimensions-v1 4.0.0+6fc22b99d1
	   |-- fabric-entity-events-v1 1.6.12+6fc22b99d1
	   |-- fabric-events-interaction-v0 0.7.10+e633f883d1
	   |-- fabric-game-rule-api-v1 1.0.53+6ced4dd9d1
	   |-- fabric-item-api-v1 11.0.0+afdfc921d1
	   |-- fabric-item-group-api-v1 4.1.3+78017270d1
	   |-- fabric-key-binding-api-v1 1.0.47+0af3f5a7d1
	   |-- fabric-keybindings-v0 0.2.45+df3654b3d1
	   |-- fabric-lifecycle-events-v1 2.3.11+8f3583aed1
	   |-- fabric-loot-api-v2 3.0.13+3f89f5a5d1
	   |-- fabric-loot-api-v3 1.0.1+3f89f5a5d1
	   |-- fabric-message-api-v1 6.0.13+6573ed8cd1
	   |-- fabric-model-loading-api-v1 2.0.0+fe474d6bd1
	   |-- fabric-networking-api-v1 4.2.0+ab7edbacd1
	   |-- fabric-object-builder-api-v1 15.1.13+d1321076d1
	   |-- fabric-particles-v1 4.0.2+6573ed8cd1
	   |-- fabric-recipe-api-v1 5.0.10+65089712d1
	   |-- fabric-registry-sync-v0 5.0.26+a5d66753d1
	   |-- fabric-renderer-api-v1 3.3.0+0ae0b97dd1
	   |-- fabric-renderer-indigo 1.6.5+48fb1586d1
	   |-- fabric-renderer-registries-v1 3.2.68+df3654b3d1
	   |-- fabric-rendering-data-attachment-v1 0.3.48+73761d2ed1
	   |-- fabric-rendering-fluids-v1 3.1.6+b5597344d1
	   |-- fabric-rendering-v0 1.1.71+df3654b3d1
	   |-- fabric-rendering-v1 5.0.5+df16efd0d1
	   |-- fabric-resource-conditions-api-v1 4.2.1+d153f344d1
	   |-- fabric-resource-loader-v0 1.2.0+7e687b32d1
	   |-- fabric-screen-api-v1 2.0.24+b5597344d1
	   |-- fabric-screen-handler-api-v1 1.3.83+b5597344d1
	   |-- fabric-sound-api-v1 1.0.23+6573ed8cd1
	   |-- fabric-transfer-api-v1 5.1.15+3dccd343d1
	   \-- fabric-transitive-access-wideners-v1 6.0.12+6573ed8cd1
	- fabricloader 0.16.0
	   \-- mixinextras 0.4.0
	- forgeconfigapiport 21.0.7
	   |-- com_electronwill_night-config_core 3.8.0
	   \-- com_electronwill_night-config_toml 3.8.0
	- java 22
	- minecraft 1.21
	- mr_dungeons_andtaverns 1-v4.3
	- mr_tidal_towns 1.3.2
	- puzzleslib 21.0.18
	- resourcefullib 3.0.9
	   |-- com_teamresourceful_bytecodecs 1.1.2
	   \-- com_teamresourceful_yabn 1.0.3
	- t_and_t 1.13.2
	- totw_modded fabric-1.21-1.0.5
	- travelersbackpack fabric-1.21-10.0.4
	- weaponmaster_ydm 4.2.3
[18:56:13] [main/INFO]: SpongePowered MIXIN Subsystem Version=0.8.7 Source=file:/D:/bajamaja/Salami%20server/Mc_Sam_Servber/libraries/net/fabricmc/sponge-mixin/0.15.0+mixin.0.8.7/sponge-mixin-0.15.0+mixin.0.8.7.jar Service=Knot/Fabric Env=SERVER
[18:56:18] [main/INFO]: Compatibility level set to JAVA_17
[18:56:18] [main/INFO]: Compatibility level set to JAVA_21
[18:56:18] [main/WARN]: Reference map 'forgeconfigapiport.common.refmap.json' for forgeconfigapiport.common.mixins.json could not be read. If this is a development environment you can ignore this message
[18:56:20] [main/INFO]: Initializing MixinExtras via com.llamalad7.mixinextras.service.MixinExtrasServiceImpl(version=0.4.0).
[18:56:42] [main/INFO]: [Dynamic Lights] Loaded Dynamic Lights by Tschipcraft successfully!
[18:56:43] [main/INFO]: Constructing common components for easymagic:main
[18:56:43] [main/INFO]: Constructing common components for puzzleslib:main
[18:56:43] [main/INFO]: Hello Fabric world!
[18:56:44] [main/INFO]: Registered the FluidEffect with Unique ID of minecraft:water for minecraft:water 81000 with the ID 0
[18:56:44] [main/INFO]: Registered the FluidEffect with Unique ID of minecraft:lava for minecraft:lava 81000 with the ID 1
[18:56:44] [main/INFO]: Registered the FluidEffect with Unique ID of travelersbackpack:potion for travelersbackpack:potion_still 27000 with the ID 2
[18:56:44] [main/INFO]: Registered the FluidEffect with Unique ID of travelersbackpack:milk for travelersbackpack:milk_still 81000 with the ID 3
[18:56:44] [main/INFO]: [STDOUT]: Initialize WeaponMaster
[18:56:45] [main/INFO]: Environment: Environment[sessionHost=https://sessionserver.mojang.com, servicesHost=https://api.minecraftservices.com, name=PROD]
[18:56:48] [Worker-Main-2/ERROR]: Couldn't load tag totw_modded:has_structure/aether_tower as it is missing following references: #aether:is_aether (from totw_modded)
[18:56:48] [Worker-Main-2/ERROR]: Couldn't load tag totw_modded:has_structure/moon_tower as it is missing following references: ad_astra:lunar_wastelands (from totw_modded)
[18:56:48] [Worker-Main-2/ERROR]: Couldn't load tag totw_modded:has_structure/tw_mangrove_tower as it is missing following references: twilightforest:swamp (from totw_modded), twilightforest:fire_swamp (from totw_modded)
[18:56:48] [Worker-Main-2/ERROR]: Couldn't load tag totw_modded:has_structure/everdawn_tower as it is missing following references: blue_skies:unorthodox_valley (from totw_modded), blue_skies:shaded_woodlands (from totw_modded), blue_skies:crystal_dunes (from totw_modded), blue_skies:crystal_dunes_spikes (from totw_modded), blue_skies:sunset_maple_forest (from totw_modded), blue_skies:rising_creek (from totw_modded), blue_skies:crystal_roughs (from totw_modded), blue_skies:searing_grassland (from totw_modded), blue_skies:crescent_orchard (from totw_modded)
[18:56:48] [Worker-Main-2/ERROR]: Couldn't load tag totw_modded:has_structure/ratlantis_tower as it is missing following references: rats:ratlantis (from totw_modded)
[18:56:48] [Worker-Main-2/ERROR]: Couldn't load tag totw_modded:has_structure/tw_canopy_tower as it is missing following references: twilightforest:forest (from totw_modded), twilightforest:spooky_forest (from totw_modded), twilightforest:mushroom_forest (from totw_modded)
[18:56:48] [Worker-Main-2/ERROR]: Couldn't load tag totw_modded:has_structure/everbright_tower as it is missing following references: blue_skies:calming_skies (from totw_modded), blue_skies:brightlands (from totw_modded), blue_skies:slushlands (from totw_modded), blue_skies:frostbitten_forest (from totw_modded), blue_skies:frostbitten_forest_clearing (from totw_modded), blue_skies:snow_covered_pines (from totw_modded), blue_skies:brisk_meadow (from totw_modded), blue_skies:polar_highland (from totw_modded)
[18:56:48] [Worker-Main-2/ERROR]: Couldn't load tag totw_modded:has_structure/mars_tower as it is missing following references: ad_astra:martian_canyon_creek (from totw_modded), ad_astra:martian_wastelands (from totw_modded)
[18:56:48] [Worker-Main-2/ERROR]: Couldn't load tag totw_modded:has_structure/venus_tower as it is missing following references: ad_astra:infernal_venus_barrens (from totw_modded)
[18:56:48] [Worker-Main-2/ERROR]: Couldn't load tag totw_modded:has_structure/glacio_tower as it is missing following references: ad_astra:glacio_snowy_barrens (from totw_modded), ad_astra:glacio_ice_peaks (from totw_modded)
[18:56:48] [Worker-Main-2/ERROR]: Couldn't load tag totw_modded:has_structure/mercury_tower as it is missing following references: ad_astra:mercury_deltas (from totw_modded)
[18:56:49] [main/INFO]: Loaded 1563 recipes
[18:56:49] [main/ERROR]: Parsing error loading custom advancement totw_modded:regular_tower: No key id in MapLike[{"item":"minecraft:diamond_sword"}]
[18:56:49] [main/ERROR]: Parsing error loading custom advancement totw_modded:ice_tower: No key id in MapLike[{"item":"minecraft:blue_ice"}]
[18:56:49] [main/ERROR]: Parsing error loading custom advancement totw_modded:derelict_grass_tower: No key id in MapLike[{"item":"minecraft:mossy_cobblestone"}]
[18:56:49] [main/ERROR]: Parsing error loading custom advancement totw_modded:root: No key id in MapLike[{"item":"waystones:mossy_waystone"}]
[18:56:49] [main/ERROR]: Parsing error loading custom advancement totw_modded:jungle_tower: No key id in MapLike[{"item":"minecraft:vine"}]
[18:56:49] [main/ERROR]: Parsing error loading custom advancement totw_modded:derelict_tower: No key id in MapLike[{"item":"minecraft:cracked_deepslate_bricks"}]
[18:56:49] [main/ERROR]: Couldn't load advancements: [nova_structures:adventure/find_shrine, minecraft:wander_add_map, minecraft:give_quest_trader_trade]
[18:56:49] [main/INFO]: Loaded 1578 advancements
[18:56:49] [main/WARN]: Not all defined tags for registry ResourceKey[minecraft:root / minecraft:worldgen/biome] are present in data pack: totw_modded:has_structure/aether_tower, totw_modded:has_structure/everbright_tower, totw_modded:has_structure/everdawn_tower, totw_modded:has_structure/glacio_tower, totw_modded:has_structure/mars_tower, totw_modded:has_structure/mercury_tower, totw_modded:has_structure/moon_tower, totw_modded:has_structure/ratlantis_tower, totw_modded:has_structure/tw_canopy_tower, totw_modded:has_structure/tw_mangrove_tower, totw_modded:has_structure/venus_tower
[18:56:49] [main/WARN]: Not all defined tags for registry ResourceKey[minecraft:root / minecraft:item] are present in data pack: minecraft:enchantable/empty
[18:56:51] [main/INFO]: Applied 0 biome modifications to 0 of 64 new biomes in 3.170 ms
[18:56:51] [Server thread/WARN]: Configuration file .\config\easymagic-server.toml is not correct. Correcting
[18:56:51] [Server thread/INFO]: Dispatching loading event for config at easymagic-server.toml
[18:56:51] [Server thread/INFO]: Starting minecraft server version 1.21
[18:56:51] [Server thread/INFO]: Loading properties
[18:56:51] [Server thread/INFO]: Default game type: SURVIVAL
[18:56:51] [Server thread/INFO]: Generating keypair
[18:56:51] [Server thread/INFO]: Starting Minecraft server on *:25565
[18:56:52] [Server thread/INFO]: Using default channel type
[18:56:52] [Server thread/INFO]: Preparing level "world"
[18:56:55] [Server thread/INFO]: Preparing start region for dimension minecraft:overworld
[18:56:59] [Worker-Main-6/INFO]: Preparing spawn area: 0%
[18:56:59] [Worker-Main-6/INFO]: Preparing spawn area: 0%
[18:56:59] [Worker-Main-6/INFO]: Preparing spawn area: 0%
[18:56:59] [Worker-Main-6/INFO]: Preparing spawn area: 0%
[18:56:59] [Worker-Main-6/INFO]: Preparing spawn area: 0%
[18:56:59] [Worker-Main-6/INFO]: Preparing spawn area: 0%
[18:56:59] [Worker-Main-6/INFO]: Preparing spawn area: 0%
[18:56:59] [Worker-Main-6/INFO]: Preparing spawn area: 0%
[18:56:59] [Server thread/INFO]: Time elapsed: 4096 ms
[18:56:59] [Server thread/INFO]: Done (7.018s)! For help, type "help"
[19:18:25] [User Authenticator #1/INFO]: UUID of player Samisalami05 is 7373de67-a4c5-41fd-9e5c-6969d6b6f74f
[19:18:29] [Server thread/INFO]: Samisalami05[/127.219.220.41:51913] logged in with entity id 6 at (1795.9432265095277, 122.0, 101.55269979261762)
[19:18:29] [Server thread/INFO]: Loading config from file...
[19:18:30] [Server thread/INFO]: Samisalami05 joined the game
[19:18:32] [Server thread/WARN]: Can't keep up! Is the server overloaded? Running 3193ms or 63 ticks behind
[19:25:33] [User Authenticator #2/INFO]: UUID of player BULLEN1437 is c890034f-9986-4c97-a759-3f8555c563a2
[19:25:37] [Server thread/INFO]: BULLEN1437[/127.52.232.148:51966] logged in with entity id 3442 at (4627.643677875634, 72.0, -2851.707034475582)
[19:25:37] [Server thread/INFO]: Loading config from file...
[19:25:37] [Server thread/INFO]: BULLEN1437 joined the game
[19:29:20] [Server thread/INFO]: BULLEN1437 lost connection: Disconnected
[19:29:20] [Server thread/INFO]: BULLEN1437 left the game
[19:30:43] [User Authenticator #3/INFO]: UUID of player BULLEN1437 is c890034f-9986-4c97-a759-3f8555c563a2
[19:30:46] [Server thread/INFO]: BULLEN1437[/127.52.232.148:52009] logged in with entity id 5652 at (4634.751928182736, 72.0, -2851.1072864946223)
[19:30:46] [Server thread/INFO]: Loading config from file...
[19:30:46] [Server thread/INFO]: BULLEN1437 joined the game
[19:34:11] [Server thread/INFO]: Samisalami05 has made the advancement [Best Friends Forever]
[19:34:13] [Server thread/INFO]: BULLEN1437 lost connection: Disconnected
[19:34:13] [Server thread/INFO]: BULLEN1437 left the game
[19:39:39] [User Authenticator #4/INFO]: UUID of player BULLEN1437 is c890034f-9986-4c97-a759-3f8555c563a2
[19:39:42] [Server thread/INFO]: BULLEN1437[/127.52.232.148:52053] logged in with entity id 11176 at (4627.050974536288, 72.0, -2852.316616625306)
[19:39:42] [Server thread/INFO]: Loading config from file...
[19:39:42] [Server thread/INFO]: BULLEN1437 joined the game
